SF:/home/liam/VSCodeProjects/erdos-graph/src/db/ingestion.rs
FN:113,_RNvNtNtCsiPcIa3SQQ3n_11erdos_graph2db9ingestion14get_checkpoint
FN:133,_RNvNtNtCsiPcIa3SQQ3n_11erdos_graph2db9ingestion14set_checkpoint
FNDA:2,_RNvNtNtCsiPcIa3SQQ3n_11erdos_graph2db9ingestion14get_checkpoint
FNDA:1,_RNvNtNtCsiPcIa3SQQ3n_11erdos_graph2db9ingestion14set_checkpoint
FNF:2
FNH:2
DA:113,2
DA:114,2
DA:115,2
DA:116,1
DA:118,1
DA:121,1
DA:123,2
DA:133,1
DA:134,1
DA:135,1
DA:136,1
DA:137,1
BRF:0
BRH:0
LF:12
LH:12
end_of_record
SF:/home/liam/VSCodeProjects/erdos-graph/src/db/schema.rs
FN:38,_RNvNtNtCsiPcIa3SQQ3n_11erdos_graph2db6schema17person_properties
FN:59,_RNvNtNtCsiPcIa3SQQ3n_11erdos_graph2db6schema22publication_properties
FN:77,_RNvNtNtCsiPcIa3SQQ3n_11erdos_graph2db6schema26coauthored_with_properties
FN:94,_RINvNtNtCsiPcIa3SQQ3n_11erdos_graph2db6schema12create_typesuEB6_
FNDA:1,_RNvNtNtCsiPcIa3SQQ3n_11erdos_graph2db6schema17person_properties
FNDA:1,_RNvNtNtCsiPcIa3SQQ3n_11erdos_graph2db6schema22publication_properties
FNDA:1,_RNvNtNtCsiPcIa3SQQ3n_11erdos_graph2db6schema26coauthored_with_properties
FNDA:1,_RINvNtNtCsiPcIa3SQQ3n_11erdos_graph2db6schema12create_typesuEB6_
FNF:4
FNH:4
DA:38,1
DA:39,1
DA:40,1
DA:41,1
DA:42,1
DA:43,1
DA:44,1
DA:45,1
DA:46,1
DA:59,1
DA:60,1
DA:61,1
DA:62,1
DA:63,1
DA:64,1
DA:65,1
DA:66,1
DA:77,1
DA:78,1
DA:79,1
DA:80,1
DA:81,1
DA:82,1
DA:94,1
DA:97,1
DA:98,1
BRF:0
BRH:0
LF:26
LH:26
end_of_record
SF:/home/liam/VSCodeProjects/erdos-graph/src/scrapers/arxiv.rs
FN:545,_RNvNtNtNtCsiPcIa3SQQ3n_11erdos_graph8scrapers5arxiv12helper_testss_24test_find_subslice_basic
FN:589,_RNvNtNtNtCsiPcIa3SQQ3n_11erdos_graph8scrapers5arxiv12helper_testss_48test_extract_complete_entries_multiple_in_buffer
FN:555,_RNvNtNtNtCsiPcIa3SQQ3n_11erdos_graph8scrapers5arxiv12helper_testss_48test_extract_complete_entries_single_and_chunked
FN:208,_RNvNtNtCsiPcIa3SQQ3n_11erdos_graph8scrapers5arxiv13find_subslice
FN:162,_RNvNtNtCsiPcIa3SQQ3n_11erdos_graph8scrapers5arxiv14normalize_text
FN:260,_RNvNtNtCsiPcIa3SQQ3n_11erdos_graph8scrapers5arxiv15parse_entry_str
FN:188,_RNvNtNtCsiPcIa3SQQ3n_11erdos_graph8scrapers5arxiv18published_in_range
FN:229,_RNvNtNtCsiPcIa3SQQ3n_11erdos_graph8scrapers5arxiv24extract_complete_entries
FN:406,_RNvNtNtCsiPcIa3SQQ3n_11erdos_graph8scrapers5arxiv25parse_entries_from_chunks
FN:469,_RNvNtNtCsiPcIa3SQQ3n_11erdos_graph8scrapers5arxiv30scrape_range_with_config_async
FN:176,_RNvNtNtCsiPcIa3SQQ3n_11erdos_graph8scrapers5arxiv35extract_primary_category_from_attrs
FN:143,_RNvNvXs0_NtNtCsiPcIa3SQQ3n_11erdos_graph8scrapers5arxivNtB7_11ArxivConfigNtNtCsed4ga1QahSC_4core7default7Default7default9env_usize
FN:142,_RNvXs0_NtNtCsiPcIa3SQQ3n_11erdos_graph8scrapers5arxivNtB5_11ArxivConfigNtNtCsed4ga1QahSC_4core7default7Default7default
FN:27,_RNvMNtNtCsiPcIa3SQQ3n_11erdos_graph8scrapers5arxivNtB2_12ArxivScraper11with_config
FN:20,_RNvMNtNtCsiPcIa3SQQ3n_11erdos_graph8scrapers5arxivNtB2_12ArxivScraper3new
FN:529,_RNvNtNtCsiPcIa3SQQ3n_11erdos_graph8scrapers5arxiv12scrape_range
FN:44,_RNvXs3_NtNtCsiPcIa3SQQ3n_11erdos_graph8scrapers5arxivNtB5_12ArxivScraperNtNtB7_7scraper7Scraper12scrape_range
FN:33,_RNvXs_NtNtCsiPcIa3SQQ3n_11erdos_graph8scrapers5arxivNtB4_12ArxivScraperNtNtCsed4ga1QahSC_4core7default7Default7default
FN:212,_RNCNvNtNtCsiPcIa3SQQ3n_11erdos_graph8scrapers5arxiv13find_subslice0B7_
FN:365,_RNCNvNtNtCsiPcIa3SQQ3n_11erdos_graph8scrapers5arxiv15parse_entry_str0B7_
FN:366,_RNCNvNtNtCsiPcIa3SQQ3n_11erdos_graph8scrapers5arxiv15parse_entry_strs_0B7_
FN:195,_RNCNvNtNtCsiPcIa3SQQ3n_11erdos_graph8scrapers5arxiv18published_in_range0B7_
FN:196,_RNCNvNtNtCsiPcIa3SQQ3n_11erdos_graph8scrapers5arxiv18published_in_ranges_0B7_
FN:473,_RNCNvNtNtCsiPcIa3SQQ3n_11erdos_graph8scrapers5arxiv30scrape_range_with_config_async0B7_
FN:146,_RNCNvNvXs0_NtNtCsiPcIa3SQQ3n_11erdos_graph8scrapers5arxivNtB9_11ArxivConfigNtNtCsed4ga1QahSC_4core7default7Default7default9env_usize0Bd_
FN:151,_RNCNvXs0_NtNtCsiPcIa3SQQ3n_11erdos_graph8scrapers5arxivNtB7_11ArxivConfigNtNtCsed4ga1QahSC_4core7default7Default7default0Bb_
FN:599,_RNCNvNtNtNtCsiPcIa3SQQ3n_11erdos_graph8scrapers5arxiv12helper_testss_48test_extract_complete_entries_multiple_in_buffer0B9_
FNDA:1,_RNvNtNtNtCsiPcIa3SQQ3n_11erdos_graph8scrapers5arxiv12helper_testss_24test_find_subslice_basic
FNDA:1,_RNvNtNtNtCsiPcIa3SQQ3n_11erdos_graph8scrapers5arxiv12helper_testss_48test_extract_complete_entries_multiple_in_buffer
FNDA:1,_RNvNtNtNtCsiPcIa3SQQ3n_11erdos_graph8scrapers5arxiv12helper_testss_48test_extract_complete_entries_single_and_chunked
FNDA:102,_RNvNtNtCsiPcIa3SQQ3n_11erdos_graph8scrapers5arxiv13find_subslice
FNDA:162,_RNvNtNtCsiPcIa3SQQ3n_11erdos_graph8scrapers5arxiv14normalize_text
FNDA:27,_RNvNtNtCsiPcIa3SQQ3n_11erdos_graph8scrapers5arxiv15parse_entry_str
FNDA:26,_RNvNtNtCsiPcIa3SQQ3n_11erdos_graph8scrapers5arxiv18published_in_range
FNDA:40,_RNvNtNtCsiPcIa3SQQ3n_11erdos_graph8scrapers5arxiv24extract_complete_entries
FNDA:15,_RNvNtNtCsiPcIa3SQQ3n_11erdos_graph8scrapers5arxiv25parse_entries_from_chunks
FNDA:8,_RNvNtNtCsiPcIa3SQQ3n_11erdos_graph8scrapers5arxiv30scrape_range_with_config_async
FNDA:0,_RNvNtNtCsiPcIa3SQQ3n_11erdos_graph8scrapers5arxiv35extract_primary_category_from_attrs
FNDA:3,_RNvNvXs0_NtNtCsiPcIa3SQQ3n_11erdos_graph8scrapers5arxivNtB7_11ArxivConfigNtNtCsed4ga1QahSC_4core7default7Default7default9env_usize
FNDA:1,_RNvXs0_NtNtCsiPcIa3SQQ3n_11erdos_graph8scrapers5arxivNtB5_11ArxivConfigNtNtCsed4ga1QahSC_4core7default7Default7default
FNDA:0,_RNvMNtNtCsiPcIa3SQQ3n_11erdos_graph8scrapers5arxivNtB2_12ArxivScraper11with_config
FNDA:0,_RNvMNtNtCsiPcIa3SQQ3n_11erdos_graph8scrapers5arxivNtB2_12ArxivScraper3new
FNDA:0,_RNvNtNtCsiPcIa3SQQ3n_11erdos_graph8scrapers5arxiv12scrape_range
FNDA:0,_RNvXs3_NtNtCsiPcIa3SQQ3n_11erdos_graph8scrapers5arxivNtB5_12ArxivScraperNtNtB7_7scraper7Scraper12scrape_range
FNDA:0,_RNvXs_NtNtCsiPcIa3SQQ3n_11erdos_graph8scrapers5arxivNtB4_12ArxivScraperNtNtCsed4ga1QahSC_4core7default7Default7default
FNDA:9098,_RNCNvNtNtCsiPcIa3SQQ3n_11erdos_graph8scrapers5arxiv13find_subslice0B7_
FNDA:22,_RNCNvNtNtCsiPcIa3SQQ3n_11erdos_graph8scrapers5arxiv15parse_entry_str0B7_
FNDA:22,_RNCNvNtNtCsiPcIa3SQQ3n_11erdos_graph8scrapers5arxiv15parse_entry_strs_0B7_
FNDA:25,_RNCNvNtNtCsiPcIa3SQQ3n_11erdos_graph8scrapers5arxiv18published_in_range0B7_
FNDA:24,_RNCNvNtNtCsiPcIa3SQQ3n_11erdos_graph8scrapers5arxiv18published_in_ranges_0B7_
FNDA:8,_RNCNvNtNtCsiPcIa3SQQ3n_11erdos_graph8scrapers5arxiv30scrape_range_with_config_async0B7_
FNDA:0,_RNCNvNvXs0_NtNtCsiPcIa3SQQ3n_11erdos_graph8scrapers5arxivNtB9_11ArxivConfigNtNtCsed4ga1QahSC_4core7default7Default7default9env_usize0Bd_
FNDA:1,_RNCNvXs0_NtNtCsiPcIa3SQQ3n_11erdos_graph8scrapers5arxivNtB7_11ArxivConfigNtNtCsed4ga1QahSC_4core7default7Default7default0Bb_
FNDA:2,_RNCNvNtNtNtCsiPcIa3SQQ3n_11erdos_graph8scrapers5arxiv12helper_testss_48test_extract_complete_entries_multiple_in_buffer0B9_
FNF:27
FNH:20
DA:20,0
DA:21,0
DA:22,0
DA:23,0
DA:24,0
DA:27,0
DA:28,0
DA:29,0
DA:33,0
DA:34,0
DA:35,0
DA:44,0
DA:46,0
DA:142,1
DA:143,3
DA:144,3
DA:145,3
DA:146,3
DA:147,3
DA:148,3
DA:150,1
DA:151,1
DA:152,1
DA:153,1
DA:154,1
DA:155,1
DA:156,1
DA:157,1
DA:158,1
DA:162,162
DA:163,162
DA:164,162
DA:165,1
DA:166,1
DA:167,161
DA:168,161
DA:169,161
DA:170,0
DA:171,0
DA:172,162
DA:176,0
DA:177,0
DA:178,0
DA:179,0
DA:180,0
DA:181,0
DA:183,0
DA:184,0
DA:188,26
DA:189,26
DA:190,26
DA:191,26
DA:192,26
DA:193,26
DA:194,26
DA:195,26
DA:196,26
DA:197,24
DA:198,24
DA:199,24
DA:200,26
DA:201,26
DA:208,102
DA:209,102
DA:210,2
DA:211,100
DA:212,9098
DA:213,102
DA:229,40
DA:230,40
DA:231,40
DA:232,40
DA:233,40
DA:234,40
DA:236,67
DA:237,67
DA:238,36
DA:239,31
DA:240,31
DA:241,31
DA:242,27
DA:243,27
DA:244,27
DA:246,27
DA:247,22
DA:248,22
DA:250,27
DA:251,27
DA:253,4
DA:256,40
DA:260,27
DA:261,27
DA:262,27
DA:263,27
DA:264,27
DA:265,27
DA:266,27
DA:267,27
DA:268,27
DA:269,27
DA:270,27
DA:271,27
DA:272,27
DA:273,27
DA:278,27
DA:279,27
DA:280,11
DA:282,9
DA:283,9
DA:284,9
DA:285,9
DA:286,18
DA:292,455
DA:293,455
DA:294,277
DA:295,277
DA:296,277
DA:299,277
DA:301,224
DA:302,27
DA:303,27
DA:304,27
DA:305,27
DA:308,26
DA:309,26
DA:310,25
DA:311,25
DA:314,197
DA:315,26
DA:316,26
DA:317,26
DA:321,171
DA:322,4
DA:323,4
DA:324,4
DA:327,167
DA:328,80
DA:329,80
DA:330,80
DA:334,87
DA:335,0
DA:336,0
DA:337,0
DA:344,87
DA:345,87
DA:346,0
DA:347,0
DA:348,0
DA:349,87
DA:353,112
DA:360,112
DA:361,26
DA:362,26
DA:363,22
DA:364,22
DA:365,22
DA:366,22
DA:367,22
DA:368,22
DA:369,22
DA:370,22
DA:371,22
DA:372,22
DA:373,22
DA:374,22
DA:375,22
DA:376,22
DA:377,22
DA:378,4
DA:381,4
DA:382,86
DA:384,0
DA:385,1
DA:386,65
DA:390,5
DA:391,27
DA:406,15
DA:407,15
DA:408,15
DA:409,15
DA:410,15
DA:413,15
DA:414,15
DA:416,32
DA:417,17
DA:418,17
DA:419,17
DA:420,17
DA:422,15
DA:423,15
DA:469,8
DA:470,8
DA:471,8
DA:472,8
DA:473,8
DA:474,8
DA:475,8
DA:476,8
DA:477,8
DA:478,8
DA:480,8
DA:483,10
DA:484,10
DA:489,10
DA:492,10
DA:493,10
DA:496,20
DA:497,10
DA:498,10
DA:502,10
DA:506,10
DA:509,10
DA:512,10
DA:513,10
DA:514,8
DA:515,2
DA:517,2
DA:520,8
DA:521,8
DA:529,0
DA:530,0
DA:531,0
DA:532,0
DA:534,0
DA:535,0
DA:536,0
DA:545,1
DA:546,1
DA:547,1
DA:548,1
DA:549,1
DA:550,1
DA:555,1
DA:556,1
DA:557,1
DA:560,1
DA:561,1
DA:562,1
DA:564,1
DA:565,1
DA:568,1
DA:569,1
DA:570,1
DA:571,1
DA:572,0
DA:576,1
DA:577,1
DA:578,1
DA:579,1
DA:580,1
DA:581,1
DA:583,1
DA:584,1
DA:589,1
DA:590,1
DA:591,1
DA:593,1
DA:595,1
DA:596,1
DA:597,1
DA:598,1
DA:599,2
DA:600,1
DA:601,1
DA:602,1
BRF:0
BRH:0
LF:274
LH:235
end_of_record
SF:/home/liam/VSCodeProjects/erdos-graph/src/scrapers/dblp.rs
FN:124,_RNvNtNtCsiPcIa3SQQ3n_11erdos_graph8scrapers4dblp12scrape_range
FN:49,_RNvMNtNtCsiPcIa3SQQ3n_11erdos_graph8scrapers4dblpNtB2_11DblpScraper11with_config
FN:42,_RNvMNtNtCsiPcIa3SQQ3n_11erdos_graph8scrapers4dblpNtB2_11DblpScraper3new
FN:136,_RNvNtNtCsiPcIa3SQQ3n_11erdos_graph8scrapers4dblp24scrape_range_with_config
FN:79,_RNvXs0_NtNtCsiPcIa3SQQ3n_11erdos_graph8scrapers4dblpNtB5_10DblpConfigNtNtCsed4ga1QahSC_4core7default7Default7default
FN:66,_RNvXs3_NtNtCsiPcIa3SQQ3n_11erdos_graph8scrapers4dblpNtB5_11DblpScraperNtNtB7_7scraper7Scraper12scrape_range
FN:55,_RNvXs_NtNtCsiPcIa3SQQ3n_11erdos_graph8scrapers4dblpNtB4_11DblpScraperNtNtCsed4ga1QahSC_4core7default7Default7default
FN:505,_RINvNtNtCsiPcIa3SQQ3n_11erdos_graph8scrapers4dblp12skip_elementINtNtNtNtCs6oc4eahtCi3_3std2io8buffered9bufreader9BufReaderINtNtNtCshmUoTzbDGkJ_6flate22gz4read9GzDecoderINtNtB16_6cursor6CursorINtNtCsgOjzJURgwuY_5alloc3vec3VechEEEEEB6_
FN:435,_RINvNtNtCsiPcIa3SQQ3n_11erdos_graph8scrapers4dblp17read_text_contentINtNtNtNtCs6oc4eahtCi3_3std2io8buffered9bufreader9BufReaderINtNtNtCshmUoTzbDGkJ_6flate22gz4read9GzDecoderINtNtB1b_6cursor6CursorINtNtCsgOjzJURgwuY_5alloc3vec3VechEEEEEB6_
FN:299,_RINvNtNtCsiPcIa3SQQ3n_11erdos_graph8scrapers4dblp18parse_dblp_elementINtNtNtNtCs6oc4eahtCi3_3std2io8buffered9bufreader9BufReaderINtNtNtCshmUoTzbDGkJ_6flate22gz4read9GzDecoderINtNtB1c_6cursor6CursorINtNtCsgOjzJURgwuY_5alloc3vec3VechEEEEEB6_
FN:402,_RNCINvNtNtCsiPcIa3SQQ3n_11erdos_graph8scrapers4dblp18parse_dblp_elementINtNtNtNtCs6oc4eahtCi3_3std2io8buffered9bufreader9BufReaderINtNtNtCshmUoTzbDGkJ_6flate22gz4read9GzDecoderINtNtB1e_6cursor6CursorINtNtCsgOjzJURgwuY_5alloc3vec3VechEEEEE0B8_
FN:127,_RNCNvNtNtCsiPcIa3SQQ3n_11erdos_graph8scrapers4dblp12scrape_range0B7_
FN:140,_RNCNvNtNtCsiPcIa3SQQ3n_11erdos_graph8scrapers4dblp24scrape_range_with_config0B7_
FNDA:0,_RNvNtNtCsiPcIa3SQQ3n_11erdos_graph8scrapers4dblp12scrape_range
FNDA:2,_RNvMNtNtCsiPcIa3SQQ3n_11erdos_graph8scrapers4dblpNtB2_11DblpScraper11with_config
FNDA:2,_RNvMNtNtCsiPcIa3SQQ3n_11erdos_graph8scrapers4dblpNtB2_11DblpScraper3new
FNDA:38,_RNvNtNtCsiPcIa3SQQ3n_11erdos_graph8scrapers4dblp24scrape_range_with_config
FNDA:3,_RNvXs0_NtNtCsiPcIa3SQQ3n_11erdos_graph8scrapers4dblpNtB5_10DblpConfigNtNtCsed4ga1QahSC_4core7default7Default7default
FNDA:1,_RNvXs3_NtNtCsiPcIa3SQQ3n_11erdos_graph8scrapers4dblpNtB5_11DblpScraperNtNtB7_7scraper7Scraper12scrape_range
FNDA:1,_RNvXs_NtNtCsiPcIa3SQQ3n_11erdos_graph8scrapers4dblpNtB4_11DblpScraperNtNtCsed4ga1QahSC_4core7default7Default7default
FNDA:8,_RINvNtNtCsiPcIa3SQQ3n_11erdos_graph8scrapers4dblp12skip_elementINtNtNtNtCs6oc4eahtCi3_3std2io8buffered9bufreader9BufReaderINtNtNtCshmUoTzbDGkJ_6flate22gz4read9GzDecoderINtNtB16_6cursor6CursorINtNtCsgOjzJURgwuY_5alloc3vec3VechEEEEEB6_
FNDA:4338,_RINvNtNtCsiPcIa3SQQ3n_11erdos_graph8scrapers4dblp17read_text_contentINtNtNtNtCs6oc4eahtCi3_3std2io8buffered9bufreader9BufReaderINtNtNtCshmUoTzbDGkJ_6flate22gz4read9GzDecoderINtNtB1b_6cursor6CursorINtNtCsgOjzJURgwuY_5alloc3vec3VechEEEEEB6_
FNDA:1086,_RINvNtNtCsiPcIa3SQQ3n_11erdos_graph8scrapers4dblp18parse_dblp_elementINtNtNtNtCs6oc4eahtCi3_3std2io8buffered9bufreader9BufReaderINtNtNtCshmUoTzbDGkJ_6flate22gz4read9GzDecoderINtNtB1c_6cursor6CursorINtNtCsgOjzJURgwuY_5alloc3vec3VechEEEEEB6_
FNDA:1081,_RNCINvNtNtCsiPcIa3SQQ3n_11erdos_graph8scrapers4dblp18parse_dblp_elementINtNtNtNtCs6oc4eahtCi3_3std2io8buffered9bufreader9BufReaderINtNtNtCshmUoTzbDGkJ_6flate22gz4read9GzDecoderINtNtB1e_6cursor6CursorINtNtCsgOjzJURgwuY_5alloc3vec3VechEEEEE0B8_
FNDA:0,_RNCNvNtNtCsiPcIa3SQQ3n_11erdos_graph8scrapers4dblp12scrape_range0B7_
FNDA:38,_RNCNvNtNtCsiPcIa3SQQ3n_11erdos_graph8scrapers4dblp24scrape_range_with_config0B7_
FNF:13
FNH:11
DA:42,2
DA:43,2
DA:44,2
DA:45,2
DA:46,2
DA:49,2
DA:50,2
DA:51,2
DA:55,1
DA:56,1
DA:57,1
DA:66,1
DA:68,1
DA:79,3
DA:80,3
DA:81,3
DA:82,3
DA:83,3
DA:124,0
DA:125,0
DA:126,0
DA:127,0
DA:128,0
DA:129,0
DA:136,38
DA:137,38
DA:138,38
DA:139,38
DA:140,38
DA:141,38
DA:142,2
DA:143,36
DA:146,36
DA:147,36
DA:150,36
DA:151,36
DA:155,36
DA:156,36
DA:158,36
DA:159,1
DA:160,35
DA:162,35
DA:163,35
DA:169,35
DA:170,35
DA:171,35
DA:172,35
DA:175,35
DA:180,35
DA:181,35
DA:183,35
DA:184,35
DA:190,2438
DA:191,1135
DA:193,1135
DA:194,1135
DA:200,1135
DA:205,1086
DA:206,1086
DA:207,1086
DA:208,1086
DA:209,1086
DA:210,1086
DA:211,0
DA:215,1086
DA:216,1079
DA:218,1079
DA:219,1079
DA:222,1079
DA:223,1
DA:224,1
DA:225,1
DA:226,1
DA:227,1078
DA:228,0
DA:230,6
DA:231,6
DA:232,6
DA:233,6
DA:234,1
DA:235,1
DA:236,1
DA:237,1
DA:238,1
DA:239,1
DA:240,1
DA:241,1
DA:243,49
DA:248,35
DA:249,35
DA:251,1268
DA:252,1268
DA:253,1268
DA:254,1268
DA:259,2403
DA:262,35
DA:263,35
DA:264,35
DA:268,35
DA:269,38
DA:299,1086
DA:300,1086
DA:301,1086
DA:302,1086
DA:303,1086
DA:305,1086
DA:306,1086
DA:307,1086
DA:308,1086
DA:309,1086
DA:310,1086
DA:315,10867
DA:316,4346
DA:318,4346
DA:319,4346
DA:320,4346
DA:323,28
DA:324,4346
DA:326,1086
DA:327,1086
DA:328,0
DA:329,1086
DA:331,3260
DA:333,1085
DA:334,1084
DA:335,1
DA:336,1085
DA:338,2175
DA:340,1084
DA:341,1084
DA:342,1084
DA:343,1084
DA:345,1091
DA:347,1055
DA:348,1055
DA:349,1055
DA:350,1055
DA:352,36
DA:354,28
DA:355,28
DA:356,28
DA:357,28
DA:362,8
DA:363,8
DA:367,1085
DA:369,1085
DA:370,1085
DA:371,1085
DA:374,1085
DA:376,1085
DA:377,0
DA:381,1
DA:383,5435
DA:384,5435
DA:385,5435
DA:387,9781
DA:392,1085
DA:393,6
DA:394,1079
DA:398,1079
DA:399,1079
DA:400,1079
DA:401,1079
DA:402,1081
DA:403,1079
DA:404,1079
DA:405,1079
DA:406,1079
DA:408,1086
DA:435,4338
DA:436,4338
DA:437,4338
DA:438,4338
DA:439,4338
DA:440,4338
DA:443,8678
DA:444,4337
DA:448,4337
DA:449,4337
DA:451,2
DA:454,2
DA:456,4337
DA:458,4337
DA:459,4337
DA:460,4337
DA:462,4337
DA:463,0
DA:468,0
DA:469,0
DA:470,0
DA:472,1
DA:473,1
DA:474,1
DA:475,1
DA:477,4340
DA:480,4337
DA:481,4338
DA:505,8
DA:506,8
DA:507,8
DA:508,8
DA:509,8
DA:510,8
DA:513,44
DA:514,7
DA:515,7
DA:516,7
DA:517,7
DA:518,15
DA:520,15
DA:523,15
DA:524,8
DA:525,8
DA:526,8
DA:528,8
DA:529,0
DA:530,7
DA:534,0
DA:535,0
DA:536,0
DA:538,22
DA:539,22
DA:540,22
DA:542,36
DA:545,8
DA:546,8
BRF:0
BRH:0
LF:229
LH:210
end_of_record
SF:/home/liam/VSCodeProjects/erdos-graph/src/scrapers/zbmath.rs
FN:27,_RNvMNtNtCsiPcIa3SQQ3n_11erdos_graph8scrapers6zbmathNtB2_13ZbmathScraper11with_config
FN:20,_RNvMNtNtCsiPcIa3SQQ3n_11erdos_graph8scrapers6zbmathNtB2_13ZbmathScraper3new
FN:181,_RNvNtNtCsiPcIa3SQQ3n_11erdos_graph8scrapers6zbmath12scrape_range
FN:44,_RNvXs3_NtNtCsiPcIa3SQQ3n_11erdos_graph8scrapers6zbmathNtB5_13ZbmathScraperNtNtB7_7scraper7Scraper12scrape_range
FN:33,_RNvXs_NtNtCsiPcIa3SQQ3n_11erdos_graph8scrapers6zbmathNtB4_13ZbmathScraperNtNtCsed4ga1QahSC_4core7default7Default7default
FN:300,_RNCNCNvNtNtCsiPcIa3SQQ3n_11erdos_graph8scrapers6zbmath24scrape_chunk_with_config00B9_
FN:184,_RNCNvNtNtCsiPcIa3SQQ3n_11erdos_graph8scrapers6zbmath12scrape_range0B7_
FN:240,_RNCNvNtNtCsiPcIa3SQQ3n_11erdos_graph8scrapers6zbmath24scrape_chunk_with_config0B7_
FN:193,_RNCNvNtNtCsiPcIa3SQQ3n_11erdos_graph8scrapers6zbmath24scrape_range_with_config0B7_
FN:352,_RNCNvNtNtCsiPcIa3SQQ3n_11erdos_graph8scrapers6zbmath29convert_to_publication_record0B7_
FN:361,_RNCNvNtNtCsiPcIa3SQQ3n_11erdos_graph8scrapers6zbmath29convert_to_publication_records0_0B7_
FN:360,_RNCNvNtNtCsiPcIa3SQQ3n_11erdos_graph8scrapers6zbmath29convert_to_publication_records_0B7_
FN:235,_RNvNtNtCsiPcIa3SQQ3n_11erdos_graph8scrapers6zbmath24scrape_chunk_with_config
FN:189,_RNvNtNtCsiPcIa3SQQ3n_11erdos_graph8scrapers6zbmath24scrape_range_with_config
FN:341,_RNvNtNtCsiPcIa3SQQ3n_11erdos_graph8scrapers6zbmath29convert_to_publication_record
FN:58,_RNvXs0_NtNtCsiPcIa3SQQ3n_11erdos_graph8scrapers6zbmathNtB5_12ZbmathConfigNtNtCsed4ga1QahSC_4core7default7Default7default
FNDA:0,_RNvMNtNtCsiPcIa3SQQ3n_11erdos_graph8scrapers6zbmathNtB2_13ZbmathScraper11with_config
FNDA:0,_RNvMNtNtCsiPcIa3SQQ3n_11erdos_graph8scrapers6zbmathNtB2_13ZbmathScraper3new
FNDA:0,_RNvNtNtCsiPcIa3SQQ3n_11erdos_graph8scrapers6zbmath12scrape_range
FNDA:0,_RNvXs3_NtNtCsiPcIa3SQQ3n_11erdos_graph8scrapers6zbmathNtB5_13ZbmathScraperNtNtB7_7scraper7Scraper12scrape_range
FNDA:0,_RNvXs_NtNtCsiPcIa3SQQ3n_11erdos_graph8scrapers6zbmathNtB4_13ZbmathScraperNtNtCsed4ga1QahSC_4core7default7Default7default
FNDA:1,_RNCNCNvNtNtCsiPcIa3SQQ3n_11erdos_graph8scrapers6zbmath24scrape_chunk_with_config00B9_
FNDA:0,_RNCNvNtNtCsiPcIa3SQQ3n_11erdos_graph8scrapers6zbmath12scrape_range0B7_
FNDA:20,_RNCNvNtNtCsiPcIa3SQQ3n_11erdos_graph8scrapers6zbmath24scrape_chunk_with_config0B7_
FNDA:6,_RNCNvNtNtCsiPcIa3SQQ3n_11erdos_graph8scrapers6zbmath24scrape_range_with_config0B7_
FNDA:1,_RNCNvNtNtCsiPcIa3SQQ3n_11erdos_graph8scrapers6zbmath29convert_to_publication_record0B7_
FNDA:20,_RNCNvNtNtCsiPcIa3SQQ3n_11erdos_graph8scrapers6zbmath29convert_to_publication_records0_0B7_
FNDA:20,_RNCNvNtNtCsiPcIa3SQQ3n_11erdos_graph8scrapers6zbmath29convert_to_publication_records_0B7_
FNDA:20,_RNvNtNtCsiPcIa3SQQ3n_11erdos_graph8scrapers6zbmath24scrape_chunk_with_config
FNDA:6,_RNvNtNtCsiPcIa3SQQ3n_11erdos_graph8scrapers6zbmath24scrape_range_with_config
FNDA:16,_RNvNtNtCsiPcIa3SQQ3n_11erdos_graph8scrapers6zbmath29convert_to_publication_record
FNDA:2,_RNvXs0_NtNtCsiPcIa3SQQ3n_11erdos_graph8scrapers6zbmathNtB5_12ZbmathConfigNtNtCsed4ga1QahSC_4core7default7Default7default
FNF:16
FNH:10
DA:20,0
DA:21,0
DA:22,0
DA:23,0
DA:24,0
DA:27,0
DA:28,0
DA:29,0
DA:33,0
DA:34,0
DA:35,0
DA:44,0
DA:46,0
DA:58,2
DA:59,2
DA:60,2
DA:61,2
DA:62,2
DA:63,2
DA:64,2
DA:65,2
DA:181,0
DA:182,0
DA:183,0
DA:184,0
DA:185,0
DA:186,0
DA:189,6
DA:190,6
DA:191,6
DA:192,6
DA:193,6
DA:195,6
DA:196,6
DA:198,6
DA:199,6
DA:201,6
DA:202,6
DA:203,6
DA:204,6
DA:205,6
DA:208,7
DA:209,7
DA:210,7
DA:211,7
DA:212,7
DA:213,7
DA:214,7
DA:218,5
DA:219,7
DA:220,5
DA:222,5
DA:225,5
DA:226,1
DA:227,4
DA:230,4
DA:231,4
DA:232,6
DA:235,20
DA:236,20
DA:237,20
DA:238,20
DA:239,20
DA:240,20
DA:241,20
DA:242,20
DA:245,21
DA:246,21
DA:247,21
DA:250,21
DA:251,1
DA:252,1
DA:253,20
DA:254,20
DA:255,20
DA:256,20
DA:257,20
DA:259,21
DA:260,21
DA:261,21
DA:262,21
DA:263,21
DA:264,21
DA:266,21
DA:267,21
DA:269,21
DA:271,9
DA:272,7
DA:273,6
DA:274,6
DA:276,3
DA:277,3
DA:278,3
DA:279,3
DA:281,3
DA:283,3
DA:284,2
DA:287,1
DA:288,1
DA:289,1
DA:292,1
DA:294,2
DA:296,12
DA:299,13
DA:300,13
DA:302,12
DA:303,2
DA:304,2
DA:306,1
DA:309,1
DA:312,10
DA:314,10
DA:316,18
DA:317,9
DA:318,9
DA:319,9
DA:323,9
DA:324,9
DA:326,8
DA:327,1
DA:330,1
DA:333,1
DA:337,13
DA:338,20
DA:341,16
DA:342,16
DA:343,16
DA:344,16
DA:345,15
DA:346,1
DA:349,15
DA:352,15
DA:353,15
DA:356,15
DA:358,14
DA:359,14
DA:360,20
DA:361,20
DA:362,14
DA:364,1
DA:368,15
DA:370,14
DA:371,13
DA:373,1
DA:376,1
DA:380,13
DA:382,13
DA:383,13
DA:384,13
DA:385,13
DA:386,13
DA:387,13
DA:388,13
DA:389,13
DA:390,16
BRF:0
BRH:0
LF:162
LH:142
end_of_record
SF:/home/liam/VSCodeProjects/erdos-graph/src/thread_safe_queue.rs
FN:188,_RNvXs2_NtCsiPcIa3SQQ3n_11erdos_graph17thread_safe_queueINtB5_13QueueProducerNtNtNtB7_2db9ingestion17PublicationRecordENtNtNtCsed4ga1QahSC_4core3ops4drop4Drop4dropB7_
FN:17,_RNvXNtCsiPcIa3SQQ3n_11erdos_graph17thread_safe_queueNtB2_11QueueConfigNtNtCsed4ga1QahSC_4core7default7Default7default
FN:120,_RNCNvMs_NtCsiPcIa3SQQ3n_11erdos_graph17thread_safe_queueINtB6_15ThreadSafeQueueNtNtNtB8_2db9ingestion17PublicationRecordE10queue_size0B8_
FN:58,_RNCNvMs_NtCsiPcIa3SQQ3n_11erdos_graph17thread_safe_queueINtB6_15ThreadSafeQueueNtNtNtB8_2db9ingestion17PublicationRecordE17register_producer0B8_
FN:135,_RNCNvMs_NtCsiPcIa3SQQ3n_11erdos_graph17thread_safe_queueINtB6_15ThreadSafeQueueNtNtNtB8_2db9ingestion17PublicationRecordE18producers_finished0B8_
FN:67,_RNCNvMs_NtCsiPcIa3SQQ3n_11erdos_graph17thread_safe_queueINtB6_15ThreadSafeQueueNtNtNtB8_2db9ingestion17PublicationRecordE19unregister_producer0B8_
FN:146,_RNCNvMs_NtCsiPcIa3SQQ3n_11erdos_graph17thread_safe_queueINtB6_15ThreadSafeQueueNtNtNtB8_2db9ingestion17PublicationRecordE21active_producer_count0B8_
FN:104,_RNCNvMs_NtCsiPcIa3SQQ3n_11erdos_graph17thread_safe_queueINtB6_15ThreadSafeQueueNtNtNtB8_2db9ingestion17PublicationRecordE7dequeue0B8_
FN:81,_RNCNvMs_NtCsiPcIa3SQQ3n_11erdos_graph17thread_safe_queueINtB6_15ThreadSafeQueueNtNtNtB8_2db9ingestion17PublicationRecordE7enqueue0B8_
FN:88,_RNCNvMs_NtCsiPcIa3SQQ3n_11erdos_graph17thread_safe_queueINtB6_15ThreadSafeQueueNtNtNtB8_2db9ingestion17PublicationRecordE7enqueues_0B8_
FN:181,_RNvMs1_NtCsiPcIa3SQQ3n_11erdos_graph17thread_safe_queueINtB5_13QueueProducerNtNtNtB7_2db9ingestion17PublicationRecordE6submitB7_
FN:117,_RNvMs_NtCsiPcIa3SQQ3n_11erdos_graph17thread_safe_queueINtB4_15ThreadSafeQueueNtNtNtB6_2db9ingestion17PublicationRecordE10queue_sizeB6_
FN:154,_RNvMs_NtCsiPcIa3SQQ3n_11erdos_graph17thread_safe_queueINtB4_15ThreadSafeQueueNtNtNtB6_2db9ingestion17PublicationRecordE15create_producerB6_
FN:57,_RNvMs_NtCsiPcIa3SQQ3n_11erdos_graph17thread_safe_queueINtB4_15ThreadSafeQueueNtNtNtB6_2db9ingestion17PublicationRecordE17register_producerB6_
FN:132,_RNvMs_NtCsiPcIa3SQQ3n_11erdos_graph17thread_safe_queueINtB4_15ThreadSafeQueueNtNtNtB6_2db9ingestion17PublicationRecordE18producers_finishedB6_
FN:66,_RNvMs_NtCsiPcIa3SQQ3n_11erdos_graph17thread_safe_queueINtB4_15ThreadSafeQueueNtNtNtB6_2db9ingestion17PublicationRecordE19unregister_producerB6_
FN:143,_RNvMs_NtCsiPcIa3SQQ3n_11erdos_graph17thread_safe_queueINtB4_15ThreadSafeQueueNtNtNtB6_2db9ingestion17PublicationRecordE21active_producer_countB6_
FN:43,_RNvMs_NtCsiPcIa3SQQ3n_11erdos_graph17thread_safe_queueINtB4_15ThreadSafeQueueNtNtNtB6_2db9ingestion17PublicationRecordE3newB6_
FN:103,_RNvMs_NtCsiPcIa3SQQ3n_11erdos_graph17thread_safe_queueINtB4_15ThreadSafeQueueNtNtNtB6_2db9ingestion17PublicationRecordE7dequeueB6_
FN:80,_RNvMs_NtCsiPcIa3SQQ3n_11erdos_graph17thread_safe_queueINtB4_15ThreadSafeQueueNtNtNtB6_2db9ingestion17PublicationRecordE7enqueueB6_
FN:164,_RNvXs0_NtCsiPcIa3SQQ3n_11erdos_graph17thread_safe_queueINtB5_15ThreadSafeQueueNtNtNtB7_2db9ingestion17PublicationRecordENtNtCsed4ga1QahSC_4core5clone5Clone5cloneB7_
FNDA:18,_RNvXs2_NtCsiPcIa3SQQ3n_11erdos_graph17thread_safe_queueINtB5_13QueueProducerNtNtNtB7_2db9ingestion17PublicationRecordENtNtNtCsed4ga1QahSC_4core3ops4drop4Drop4dropB7_
FNDA:14,_RNvXNtCsiPcIa3SQQ3n_11erdos_graph17thread_safe_queueNtB2_11QueueConfigNtNtCsed4ga1QahSC_4core7default7Default7default
FNDA:0,_RNCNvMs_NtCsiPcIa3SQQ3n_11erdos_graph17thread_safe_queueINtB6_15ThreadSafeQueueNtNtNtB8_2db9ingestion17PublicationRecordE10queue_size0B8_
FNDA:0,_RNCNvMs_NtCsiPcIa3SQQ3n_11erdos_graph17thread_safe_queueINtB6_15ThreadSafeQueueNtNtNtB8_2db9ingestion17PublicationRecordE17register_producer0B8_
FNDA:0,_RNCNvMs_NtCsiPcIa3SQQ3n_11erdos_graph17thread_safe_queueINtB6_15ThreadSafeQueueNtNtNtB8_2db9ingestion17PublicationRecordE18producers_finished0B8_
FNDA:0,_RNCNvMs_NtCsiPcIa3SQQ3n_11erdos_graph17thread_safe_queueINtB6_15ThreadSafeQueueNtNtNtB8_2db9ingestion17PublicationRecordE19unregister_producer0B8_
FNDA:0,_RNCNvMs_NtCsiPcIa3SQQ3n_11erdos_graph17thread_safe_queueINtB6_15ThreadSafeQueueNtNtNtB8_2db9ingestion17PublicationRecordE21active_producer_count0B8_
FNDA:0,_RNCNvMs_NtCsiPcIa3SQQ3n_11erdos_graph17thread_safe_queueINtB6_15ThreadSafeQueueNtNtNtB8_2db9ingestion17PublicationRecordE7dequeue0B8_
FNDA:0,_RNCNvMs_NtCsiPcIa3SQQ3n_11erdos_graph17thread_safe_queueINtB6_15ThreadSafeQueueNtNtNtB8_2db9ingestion17PublicationRecordE7enqueue0B8_
FNDA:0,_RNCNvMs_NtCsiPcIa3SQQ3n_11erdos_graph17thread_safe_queueINtB6_15ThreadSafeQueueNtNtNtB8_2db9ingestion17PublicationRecordE7enqueues_0B8_
FNDA:212,_RNvMs1_NtCsiPcIa3SQQ3n_11erdos_graph17thread_safe_queueINtB5_13QueueProducerNtNtNtB7_2db9ingestion17PublicationRecordE6submitB7_
FNDA:14,_RNvMs_NtCsiPcIa3SQQ3n_11erdos_graph17thread_safe_queueINtB4_15ThreadSafeQueueNtNtNtB6_2db9ingestion17PublicationRecordE10queue_sizeB6_
FNDA:18,_RNvMs_NtCsiPcIa3SQQ3n_11erdos_graph17thread_safe_queueINtB4_15ThreadSafeQueueNtNtNtB6_2db9ingestion17PublicationRecordE15create_producerB6_
FNDA:20,_RNvMs_NtCsiPcIa3SQQ3n_11erdos_graph17thread_safe_queueINtB4_15ThreadSafeQueueNtNtNtB6_2db9ingestion17PublicationRecordE17register_producerB6_
FNDA:35,_RNvMs_NtCsiPcIa3SQQ3n_11erdos_graph17thread_safe_queueINtB4_15ThreadSafeQueueNtNtNtB6_2db9ingestion17PublicationRecordE18producers_finishedB6_
FNDA:20,_RNvMs_NtCsiPcIa3SQQ3n_11erdos_graph17thread_safe_queueINtB4_15ThreadSafeQueueNtNtNtB6_2db9ingestion17PublicationRecordE19unregister_producerB6_
FNDA:7,_RNvMs_NtCsiPcIa3SQQ3n_11erdos_graph17thread_safe_queueINtB4_15ThreadSafeQueueNtNtNtB6_2db9ingestion17PublicationRecordE21active_producer_countB6_
FNDA:15,_RNvMs_NtCsiPcIa3SQQ3n_11erdos_graph17thread_safe_queueINtB4_15ThreadSafeQueueNtNtNtB6_2db9ingestion17PublicationRecordE3newB6_
FNDA:234,_RNvMs_NtCsiPcIa3SQQ3n_11erdos_graph17thread_safe_queueINtB4_15ThreadSafeQueueNtNtNtB6_2db9ingestion17PublicationRecordE7dequeueB6_
FNDA:233,_RNvMs_NtCsiPcIa3SQQ3n_11erdos_graph17thread_safe_queueINtB4_15ThreadSafeQueueNtNtNtB6_2db9ingestion17PublicationRecordE7enqueueB6_
FNDA:36,_RNvXs0_NtCsiPcIa3SQQ3n_11erdos_graph17thread_safe_queueINtB5_15ThreadSafeQueueNtNtNtB7_2db9ingestion17PublicationRecordENtNtCsed4ga1QahSC_4core5clone5Clone5cloneB7_
FNF:21
FNH:13
DA:17,14
DA:18,14
DA:19,14
DA:20,14
DA:21,14
DA:43,15
DA:44,15
DA:45,15
DA:46,15
DA:47,15
DA:48,15
DA:49,15
DA:50,15
DA:51,15
DA:52,15
DA:53,15
DA:54,15
DA:57,20
DA:58,20
DA:59,0
DA:60,0
DA:61,0
DA:62,20
DA:63,20
DA:66,20
DA:67,20
DA:68,0
DA:69,0
DA:70,0
DA:71,20
DA:72,20
DA:73,11
DA:74,11
DA:75,20
DA:80,233
DA:81,233
DA:82,0
DA:83,0
DA:84,0
DA:87,234
DA:88,1
DA:89,0
DA:90,0
DA:91,0
DA:94,233
DA:96,233
DA:97,233
DA:98,233
DA:103,234
DA:104,234
DA:105,0
DA:106,0
DA:107,0
DA:108,234
DA:109,234
DA:110,208
DA:111,208
DA:112,208
DA:113,234
DA:114,234
DA:117,14
DA:118,14
DA:119,14
DA:120,14
DA:121,0
DA:122,0
DA:123,0
DA:125,14
DA:126,14
DA:132,35
DA:133,35
DA:134,35
DA:135,35
DA:136,0
DA:137,0
DA:138,0
DA:140,35
DA:143,7
DA:144,7
DA:145,7
DA:146,7
DA:147,0
DA:148,0
DA:149,0
DA:151,7
DA:154,18
DA:155,18
DA:156,18
DA:157,18
DA:158,18
DA:159,18
DA:164,36
DA:165,36
DA:166,36
DA:167,36
DA:168,36
DA:169,36
DA:170,36
DA:171,36
DA:181,212
DA:182,212
DA:183,212
DA:188,18
DA:189,18
DA:190,18
BRF:0
BRH:0
LF:113
LH:81
end_of_record
SF:/home/liam/VSCodeProjects/erdos-graph/src/utilities.rs
FN:31,_RNvNtCsiPcIa3SQQ3n_11erdos_graph9utilities15generate_chunks
FN:72,_RNvNtCsiPcIa3SQQ3n_11erdos_graph9utilities16hash_publication
FNDA:11,_RNvNtCsiPcIa3SQQ3n_11erdos_graph9utilities15generate_chunks
FNDA:10,_RNvNtCsiPcIa3SQQ3n_11erdos_graph9utilities16hash_publication
FNF:2
FNH:2
DA:31,11
DA:32,11
DA:33,11
DA:34,11
DA:35,11
DA:36,11
DA:37,11
DA:38,30
DA:39,19
DA:40,19
DA:41,19
DA:42,19
DA:43,11
DA:44,11
DA:72,10
DA:74,10
DA:75,10
DA:76,10
DA:77,10
BRF:0
BRH:0
LF:19
LH:19
end_of_record